build/app/intermediates/manifest_merge_blame_file/release/manifest-merger-blame-release-report.txt
1<?xml version="1.0" encoding="utf-8"?>
2<manifest xmlns:android="http://schemas.android.com/apk/res/android"
3    package="com.example.fruitadvisor"
4    android:versionCode="1"
5    android:versionName="1.0.0" >
6
7    <uses-sdk
8        android:minSdkVersion="21"
9        android:targetSdkVersion="35" />
10
11    <!-- Add permissions outside the <application> tag -->
12    <uses-permission android:name="android.permission.CAMERA" />
12-->src\main\AndroidManifest.xml:5:5-64
12-->src\main\AndroidManifest.xml:5:22-62
13    <uses-permission android:name="android.permission.WRITE_EXTERNAL_STORAGE" />
13-->src\main\AndroidManifest.xml:6:5-80
13-->src\main\AndroidManifest.xml:6:22-78
14
15    <!--
16         Required to query activities that can process text, see:
17         https://developer.android.com/training/package-visibility and
18         https://developer.android.com/reference/android/content/Intent#ACTION_PROCESS_TEXT.
19
20         In particular, this is used by the Flutter engine in io.flutter.plugin.text.ProcessTextPlugin.
21    -->
22    <queries>
22-->src\main\AndroidManifest.xml:53:5-70:15
23        <intent>
23-->src\main\AndroidManifest.xml:54:9-57:18
24            <action android:name="android.intent.action.PROCESS_TEXT" />
24-->src\main\AndroidManifest.xml:55:13-72
24-->src\main\AndroidManifest.xml:55:21-70
25
26            <data android:mimeType="text/plain" />
26-->src\main\AndroidManifest.xml:56:13-50
26-->src\main\AndroidManifest.xml:56:19-48
27        </intent>
28        <intent>
28-->src\main\AndroidManifest.xml:58:9-61:18
29            <action android:name="android.intent.action.VIEW" />
29-->src\main\AndroidManifest.xml:59:13-65
29-->src\main\AndroidManifest.xml:59:21-62
30
31            <data android:scheme="https" />
31-->src\main\AndroidManifest.xml:56:13-50
31-->src\main\AndroidManifest.xml:37:23-44
32        </intent>
33        <intent>
33-->src\main\AndroidManifest.xml:62:9-65:18
34            <action android:name="android.intent.action.DIAL" />
34-->src\main\AndroidManifest.xml:63:13-65
34-->src\main\AndroidManifest.xml:63:21-62
35
36            <data android:scheme="tel" />
36-->src\main\AndroidManifest.xml:56:13-50
36-->src\main\AndroidManifest.xml:37:23-44
37        </intent>
38        <intent>
38-->src\main\AndroidManifest.xml:66:9-69:18
39            <action android:name="android.intent.action.SEND" />
39-->src\main\AndroidManifest.xml:67:13-65
39-->src\main\AndroidManifest.xml:67:21-62
40
41            <data android:mimeType="*/*" />
41-->src\main\AndroidManifest.xml:56:13-50
41-->src\main\AndroidManifest.xml:56:19-48
42        </intent>
43    </queries>
44
45    <permission
45-->[androidx.core:core:1.13.1] AndroidManifest.xml:22:5-24:47
46        android:name="com.example.fruitadvisor.DYNAMIC_RECEIVER_NOT_EXPORTED_PERMISSION"
46-->[androidx.core:core:1.13.1] AndroidManifest.xml:23:9-81
47        android:protectionLevel="signature" />
47-->[androidx.core:core:1.13.1] AndroidManifest.xml:24:9-44
48
49    <uses-permission android:name="com.example.fruitadvisor.DYNAMIC_RECEIVER_NOT_EXPORTED_PERMISSION" />
49-->[androidx.core:core:1.13.1] AndroidManifest.xml:26:5-97
49-->[androidx.core:core:1.13.1] AndroidManifest.xml:26:22-94
50
51    <application
52        android:name="android.app.Application"
52-->src\main\AndroidManifest.xml:10:9-42
53        android:appComponentFactory="androidx.core.app.CoreComponentFactory"
53-->[androidx.core:core:1.13.1] AndroidManifest.xml:28:18-86
54        android:extractNativeLibs="true"
55        android:icon="@mipmap/ic_launcher"
55-->src\main\AndroidManifest.xml:11:9-43
56        android:label="FruitAdvisor" >
56-->src\main\AndroidManifest.xml:9:9-37
57        <activity
57-->src\main\AndroidManifest.xml:12:9-40:20
58            android:name="com.example.fruitadvisor.MainActivity"
58-->src\main\AndroidManifest.xml:13:13-41
59            android:configChanges="orientation|keyboardHidden|keyboard|screenSize|smallestScreenSize|locale|layoutDirection|fontScale|screenLayout|density|uiMode"
59-->src\main\AndroidManifest.xml:18:13-163
60            android:exported="true"
60-->src\main\AndroidManifest.xml:14:13-36
61            android:hardwareAccelerated="true"
61-->src\main\AndroidManifest.xml:19:13-47
62            android:launchMode="singleTop"
62-->src\main\AndroidManifest.xml:15:13-43
63            android:taskAffinity=""
63-->src\main\AndroidManifest.xml:16:13-36
64            android:theme="@style/LaunchTheme"
64-->src\main\AndroidManifest.xml:17:13-47
65            android:windowSoftInputMode="adjustResize" >
65-->src\main\AndroidManifest.xml:20:13-55
66
67            <!--
68                 Specifies an Android theme to apply to this Activity as soon as
69                 the Android process has started. This theme is visible to the user
70                 while the Flutter UI initializes. After that, this theme continues
71                 to determine the Window background behind the Flutter UI.
72            -->
73            <meta-data
73-->src\main\AndroidManifest.xml:25:13-28:17
74                android:name="io.flutter.embedding.android.NormalTheme"
74-->src\main\AndroidManifest.xml:26:15-70
75                android:resource="@style/NormalTheme" />
75-->src\main\AndroidManifest.xml:27:15-52
76
77            <intent-filter>
77-->src\main\AndroidManifest.xml:29:13-32:29
78                <action android:name="android.intent.action.MAIN" />
78-->src\main\AndroidManifest.xml:30:17-68
78-->src\main\AndroidManifest.xml:30:25-66
79
80                <category android:name="android.intent.category.LAUNCHER" />
80-->src\main\AndroidManifest.xml:31:17-76
80-->src\main\AndroidManifest.xml:31:27-74
81            </intent-filter>
82            <intent-filter>
82-->src\main\AndroidManifest.xml:33:13-39:29
83                <action android:name="android.intent.action.VIEW" />
83-->src\main\AndroidManifest.xml:59:13-65
83-->src\main\AndroidManifest.xml:59:21-62
84
85                <category android:name="android.intent.category.DEFAULT" />
85-->src\main\AndroidManifest.xml:35:17-75
85-->src\main\AndroidManifest.xml:35:27-73
86                <category android:name="android.intent.category.BROWSABLE" />
86-->src\main\AndroidManifest.xml:36:17-77
86-->src\main\AndroidManifest.xml:36:27-75
87
88                <data android:scheme="http" />
88-->src\main\AndroidManifest.xml:56:13-50
88-->src\main\AndroidManifest.xml:37:23-44
89                <data android:scheme="https" />
89-->src\main\AndroidManifest.xml:56:13-50
89-->src\main\AndroidManifest.xml:37:23-44
90            </intent-filter>
91        </activity>
92        <!--
93             Don't delete the meta-data below.
94             This is used by the Flutter tool to generate GeneratedPluginRegistrant.java
95        -->
96        <meta-data
96-->src\main\AndroidManifest.xml:43:9-45:33
97            android:name="flutterEmbedding"
97-->src\main\AndroidManifest.xml:44:13-44
98            android:value="2" />
98-->src\main\AndroidManifest.xml:45:13-30
99
100        <provider
100-->[:image_picker_android] AndroidManifest.xml:9:9-17:20
101            android:name="io.flutter.plugins.imagepicker.ImagePickerFileProvider"
101-->[:image_picker_android] AndroidManifest.xml:10:13-82
102            android:authorities="com.example.fruitadvisor.flutter.image_provider"
102-->[:image_picker_android] AndroidManifest.xml:11:13-74
103            android:exported="false"
103-->[:image_picker_android] AndroidManifest.xml:12:13-37
104            android:grantUriPermissions="true" >
104-->[:image_picker_android] AndroidManifest.xml:13:13-47
105            <meta-data
105-->[:image_picker_android] AndroidManifest.xml:14:13-16:75
106                android:name="android.support.FILE_PROVIDER_PATHS"
106-->[:image_picker_android] AndroidManifest.xml:15:17-67
107                android:resource="@xml/flutter_image_picker_file_paths" />
107-->[:image_picker_android] AndroidManifest.xml:16:17-72
108        </provider> <!-- Trigger Google Play services to install the backported photo picker module. -->
109        <service
109-->[:image_picker_android] AndroidManifest.xml:19:9-31:19
110            android:name="com.google.android.gms.metadata.ModuleDependencies"
110-->[:image_picker_android] AndroidManifest.xml:20:13-78
111            android:enabled="false"
111-->[:image_picker_android] AndroidManifest.xml:21:13-36
112            android:exported="false" >
112-->[:image_picker_android] AndroidManifest.xml:22:13-37
113            <intent-filter>
113-->[:image_picker_android] AndroidManifest.xml:24:13-26:29
114                <action android:name="com.google.android.gms.metadata.MODULE_DEPENDENCIES" />
114-->[:image_picker_android] AndroidManifest.xml:25:17-94
114-->[:image_picker_android] AndroidManifest.xml:25:25-91
115            </intent-filter>
116
117            <meta-data
117-->[:image_picker_android] AndroidManifest.xml:28:13-30:36
118                android:name="photopicker_activity:0:required"
118-->[:image_picker_android] AndroidManifest.xml:29:17-63
119                android:value="" />
119-->[:image_picker_android] AndroidManifest.xml:30:17-33
120        </service>
121
122        <activity
122-->[:url_launcher_android] AndroidManifest.xml:8:9-11:74
123            android:name="io.flutter.plugins.urllauncher.WebViewActivity"
123-->[:url_launcher_android] AndroidManifest.xml:9:13-74
124            android:exported="false"
124-->[:url_launcher_android] AndroidManifest.xml:10:13-37
125            android:theme="@android:style/Theme.NoTitleBar.Fullscreen" />
125-->[:url_launcher_android] AndroidManifest.xml:11:13-71
126
127        <uses-library
127-->[androidx.window:window:1.2.0] AndroidManifest.xml:23:9-25:40
128            android:name="androidx.window.extensions"
128-->[androidx.window:window:1.2.0] AndroidManifest.xml:24:13-54
129            android:required="false" />
129-->[androidx.window:window:1.2.0] AndroidManifest.xml:25:13-37
130        <uses-library
130-->[androidx.window:window:1.2.0] AndroidManifest.xml:26:9-28:40
131            android:name="androidx.window.sidecar"
131-->[androidx.window:window:1.2.0] AndroidManifest.xml:27:13-51
132            android:required="false" />
132-->[androidx.window:window:1.2.0] AndroidManifest.xml:28:13-37
133
134        <provider
134-->[androidx.lifecycle:lifecycle-process:2.7.0] AndroidManifest.xml:24:9-32:20
135            android:name="androidx.startup.InitializationProvider"
135-->[androidx.lifecycle:lifecycle-process:2.7.0] AndroidManifest.xml:25:13-67
136            android:authorities="com.example.fruitadvisor.androidx-startup"
136-->[androidx.lifecycle:lifecycle-process:2.7.0] AndroidManifest.xml:26:13-68
137            android:exported="false" >
137-->[androidx.lifecycle:lifecycle-process:2.7.0] AndroidManifest.xml:27:13-37
138            <meta-data
138-->[androidx.lifecycle:lifecycle-process:2.7.0] AndroidManifest.xml:29:13-31:52
139                android:name="androidx.lifecycle.ProcessLifecycleInitializer"
139-->[androidx.lifecycle:lifecycle-process:2.7.0] AndroidManifest.xml:30:17-78
140                android:value="androidx.startup" />
140-->[androidx.lifecycle:lifecycle-process:2.7.0] AndroidManifest.xml:31:17-49
141            <meta-data
141-->[androidx.profileinstaller:profileinstaller:1.3.1] AndroidManifest.xml:29:13-31:52
142                android:name="androidx.profileinstaller.ProfileInstallerInitializer"
142-->[androidx.profileinstaller:profileinstaller:1.3.1] AndroidManifest.xml:30:17-85
143                android:value="androidx.startup" />
143-->[androidx.profileinstaller:profileinstaller:1.3.1] AndroidManifest.xml:31:17-49
144        </provider>
145
146        <receiver
146-->[androidx.profileinstaller:profileinstaller:1.3.1] AndroidManifest.xml:34:9-52:20
147            android:name="androidx.profileinstaller.ProfileInstallReceiver"
147-->[androidx.profileinstaller:profileinstaller:1.3.1] AndroidManifest.xml:35:13-76
148            android:directBootAware="false"
148-->[androidx.profileinstaller:profileinstaller:1.3.1] AndroidManifest.xml:36:13-44
149            android:enabled="true"
149-->[androidx.profileinstaller:profileinstaller:1.3.1] AndroidManifest.xml:37:13-35
150            android:exported="true"
150-->[androidx.profileinstaller:profileinstaller:1.3.1] AndroidManifest.xml:38:13-36
151            android:permission="android.permission.DUMP" >
151-->[androidx.profileinstaller:profileinstaller:1.3.1] AndroidManifest.xml:39:13-57
152            <intent-filter>
152-->[androidx.profileinstaller:profileinstaller:1.3.1] AndroidManifest.xml:40:13-42:29
153                <action android:name="androidx.profileinstaller.action.INSTALL_PROFILE" />
153-->[androidx.profileinstaller:profileinstaller:1.3.1] AndroidManifest.xml:41:17-91
153-->[androidx.profileinstaller:profileinstaller:1.3.1] AndroidManifest.xml:41:25-88
154            </intent-filter>
155            <intent-filter>
155-->[androidx.profileinstaller:profileinstaller:1.3.1] AndroidManifest.xml:43:13-45:29
156                <action android:name="androidx.profileinstaller.action.SKIP_FILE" />
156-->[androidx.profileinstaller:profileinstaller:1.3.1] AndroidManifest.xml:44:17-85
156-->[androidx.profileinstaller:profileinstaller:1.3.1] AndroidManifest.xml:44:25-82
157            </intent-filter>
158            <intent-filter>
158-->[androidx.profileinstaller:profileinstaller:1.3.1] AndroidManifest.xml:46:13-48:29
159                <action android:name="androidx.profileinstaller.action.SAVE_PROFILE" />
159-->[androidx.profileinstaller:profileinstaller:1.3.1] AndroidManifest.xml:47:17-88
159-->[androidx.profileinstaller:profileinstaller:1.3.1] AndroidManifest.xml:47:25-85
160            </intent-filter>
161            <intent-filter>
161-->[androidx.profileinstaller:profileinstaller:1.3.1] AndroidManifest.xml:49:13-51:29
162                <action android:name="androidx.profileinstaller.action.BENCHMARK_OPERATION" />
162-->[androidx.profileinstaller:profileinstaller:1.3.1] AndroidManifest.xml:50:17-95
162-->[androidx.profileinstaller:profileinstaller:1.3.1] AndroidManifest.xml:50:25-92
163            </intent-filter>
164        </receiver>
165    </application>
166
167</manifest>